#
# There is insufficient memory for the Java Runtime Environment to continue.
# Native memory allocation (mmap) failed to map 19922944 bytes for G1 virtual space
# Possible reasons:
#   The system is out of physical RAM or swap space
#   The process is running with CompressedOops enabled, and the Java Heap may be blocking the growth of the native heap
# Possible solutions:
#   Reduce memory load on the system
#   Increase physical memory or swap space
#   Check if swap backing store is full
#   Decrease Java heap size (-Xmx/-Xms)
#   Decrease number of Java threads
#   Decrease Java thread stack sizes (-Xss)
#   Set larger code cache with -XX:ReservedCodeCacheSize=
#   JVM is running with Unscaled Compressed Oops mode in which the Java heap is
#     placed in the first 4GB address space. The Java Heap base address is the
#     maximum limit for the native heap growth. Please use -XX:HeapBaseMinAddress
#     to set the Java Heap base and to place the Java Heap above 4GB virtual address.
# This output file may be truncated or incomplete.
#
#  Out of Memory Error (./open/src/hotspot/os/windows/os_windows.cpp:3472), pid=3996, tid=17324
#
# JRE version: Java(TM) SE Runtime Environment (15.0+36) (build 15+36-1562)
# Java VM: Java HotSpot(TM) 64-Bit Server VM (15+36-1562, mixed mode, sharing, tiered, compressed oops, g1 gc, windows-amd64)
# No core dump will be written. Minidumps are not enabled by default on client versions of Windows
#

---------------  S U M M A R Y ------------

Command Line: -Dfile.encoding=Cp1252 -XX:+ShowCodeDetailsInExceptionMessages picasso.Main

Host: Intel(R) Core(TM) i3-7100U CPU @ 2.40GHz, 4 cores, 3G,  Windows 10 , 64 bit Build 19041 (10.0.19041.546)
Time: Thu Nov 19 21:16:24 2020 Eastern Standard Time elapsed time: 8.071342 seconds (0d 0h 0m 8s)

---------------  T H R E A D  ---------------

Current thread (0x00000190b57d6120):  VMThread "VM Thread" [stack: 0x000000829c500000,0x000000829c600000] [id=17324]

Stack: [0x000000829c500000,0x000000829c600000]
[error occurred during error reporting (printing stack bounds), id 0xc0000005, EXCEPTION_ACCESS_VIOLATION (0xc0000005) at pc=0x00000190bf1710ad]

Native frames: (J=compiled Java code, j=interpreted, Vv=VM code, C=native code)
V  [jvm.dll+0x629eaa]
V  [jvm.dll+0x780379]
V  [jvm.dll+0x781ad3]
V  [jvm.dll+0x782095]
V  [jvm.dll+0x78204b]
V  [jvm.dll+0x629379]
V  [jvm.dll+0x629b48]
C  [ntdll.dll+0xa10ff]
C  [ntdll.dll+0x4b474]
C  [ntdll.dll+0x9fc2e]
C  0x00000190bf1710ad

VM_Operation (0x000000829d5fe8b0): G1CollectForAllocation, mode: safepoint, requested by thread 0x00000190d4cee080


---------------  P R O C E S S  ---------------

Threads class SMR info:
_java_thread_list=0x00000190d4d8caf0, length=19, elements={
0x00000190b57da9c0, 0x00000190b57db1a0, 0x00000190d30a2500, 0x00000190d30a6af0,
0x00000190d30af1c0, 0x00000190d30b75d0, 0x00000190d30bbca0, 0x00000190d30cf2d0,
0x00000190d3b04410, 0x00000190d3b07dd0, 0x00000190d3b04db0, 0x00000190d3b060f0,
0x00000190d3b05c20, 0x00000190d3b065c0, 0x00000190d3b06f60, 0x00000190d3b07430,
0x00000190d4cedbb0, 0x00000190d4cee080, 0x00000190d4ced6e0
}

Java Threads: ( => current thread )
  0x00000190b57da9c0 JavaThread "Reference Handler" daemon [_thread_blocked, id=20700, stack(0x000000829c600000,0x000000829c700000)]
  0x00000190b57db1a0 JavaThread "Finalizer" daemon [_thread_blocked, id=2108, stack(0x000000829c700000,0x000000829c800000)]
  0x00000190d30a2500 JavaThread "Signal Dispatcher" daemon [_thread_blocked, id=2640, stack(0x000000829c800000,0x000000829c900000)]
  0x00000190d30a6af0 JavaThread "Attach Listener" daemon [_thread_blocked, id=3372, stack(0x000000829c900000,0x000000829ca00000)]
  0x00000190d30af1c0 JavaThread "Service Thread" daemon [_thread_blocked, id=1568, stack(0x000000829ca00000,0x000000829cb00000)]
  0x00000190d30b75d0 JavaThread "C2 CompilerThread0" daemon [_thread_blocked, id=4320, stack(0x000000829cb00000,0x000000829cc00000)]
  0x00000190d30bbca0 JavaThread "C1 CompilerThread0" daemon [_thread_blocked, id=20732, stack(0x000000829cc00000,0x000000829cd00000)]
  0x00000190d30cf2d0 JavaThread "Sweeper thread" daemon [_thread_blocked, id=2168, stack(0x000000829cd00000,0x000000829ce00000)]
  0x00000190d3b04410 JavaThread "Notification Thread" daemon [_thread_blocked, id=4160, stack(0x000000829ce00000,0x000000829cf00000)]
  0x00000190d3b07dd0 JavaThread "Common-Cleaner" daemon [_thread_blocked, id=4624, stack(0x000000829d000000,0x000000829d100000)]
  0x00000190d3b04db0 JavaThread "Java2D Disposer" daemon [_thread_blocked, id=14840, stack(0x000000829d100000,0x000000829d200000)]
  0x00000190d3b060f0 JavaThread "AWT-Shutdown" [_thread_blocked, id=7096, stack(0x000000829d200000,0x000000829d300000)]
  0x00000190d3b05c20 JavaThread "AWT-Windows" daemon [_thread_blocked, id=18228, stack(0x000000829d300000,0x000000829d400000)]
  0x00000190d3b065c0 JavaThread "AWT-EventQueue-0" [_thread_blocked, id=15520, stack(0x000000829d400000,0x000000829d500000)]
  0x00000190d3b06f60 JavaThread "Swing-Shell" daemon [_thread_blocked, id=10752, stack(0x000000829d700000,0x000000829d800000)]
  0x00000190d3b07430 JavaThread "DestroyJavaVM" [_thread_blocked, id=18784, stack(0x000000829bf00000,0x000000829c000000)]
  0x00000190d4cedbb0 JavaThread "TimerQueue" daemon [_thread_blocked, id=16880, stack(0x000000829dc00000,0x000000829dd00000)]
  0x00000190d4cee080 JavaThread "Thread-10" [_thread_blocked, id=18812, stack(0x000000829d500000,0x000000829d600000)]
  0x00000190d4ced6e0 JavaThread "Thread-11" [_thread_blocked, id=15652, stack(0x000000829d600000,0x000000829d700000)]

Other Threads:
=>0x00000190b57d6120 VMThread "VM Thread" [stack: 0x000000829c500000,0x000000829c600000] [id=17324]
  0x00000190d3ae2e20 WatcherThread [stack: 0x000000829cf00000,0x000000829d000000] [id=188]
  0x00000190b5735a60 GCTaskThread "GC Thread#0" [stack: 0x000000829c000000,0x000000829c100000] [id=9392]
  0x00000190d3d810b0 GCTaskThread "GC Thread#1" [stack: 0x000000829df00000,0x000000829e000000] [id=20960]
  0x00000190d3d800c0 GCTaskThread "GC Thread#2" [stack: 0x000000829e000000,0x000000829e100000] [id=5720]
  0x00000190d3d80a50 GCTaskThread "GC Thread#3" [stack: 0x000000829e100000,0x000000829e200000] [id=9340]
  0x00000190b574ddd0 ConcurrentGCThread "G1 Main Marker" [stack: 0x000000829c100000,0x000000829c200000] [id=10160]
  0x00000190b574ea90 ConcurrentGCThread "G1 Conc#0" [stack: 0x000000829c200000,0x000000829c300000] [id=7264]
  0x00000190b5791c50 ConcurrentGCThread "G1 Refine#0" [stack: 0x000000829c300000,0x000000829c400000] [id=1928]
  0x00000190b5796730 ConcurrentGCThread "G1 Young RemSet Sampling" [stack: 0x000000829c400000,0x000000829c500000] [id=5900]

Threads with active compile tasks:

VM state: at safepoint (normal execution)

VM Mutex/Monitor currently owned by a thread:  ([mutex/lock_event])
[0x00000190b5702120] Threads_lock - owner thread: 0x00000190b57d6120
[0x00000190b5702bd0] Heap_lock - owner thread: 0x00000190d4cee080

Heap address: 0x00000000c4400000, size: 956 MB, Compressed Oops mode: 32-bit
CDS archive(s) mapped at: [0x0000000800000000-0x0000000800b50000-0x0000000800b50000), size 11862016, SharedBaseAddress: 0x0000000800000000, ArchiveRelocationMode: 0.
Compressed class space mapped at: 0x0000000800b50000-0x0000000840b50000, size: 1073741824
Narrow klass base: 0x0000000800000000, Narrow klass shift: 3, Narrow klass range: 0x100000000

GC Precious Log:
 CPUs: 4 total, 4 available
 Memory: 3823M
 Large Page Support: Disabled
 NUMA Support: Disabled
 Compressed Oops: Enabled (32-bit)
 Heap Region Size: 1M
 Heap Min Capacity: 8M
 Heap Initial Capacity: 60M
 Heap Max Capacity: 956M
 Pre-touch: Disabled
 Parallel Workers: 4
 Concurrent Workers: 1
 Concurrent Refinement Workers: 4
 Periodic GC: Disabled

Heap:
 garbage-first heap   total 102400K, used 8525K [0x00000000c4400000, 0x0000000100000000)
  region size 1024K, 1 young (1024K), 1 survivors (1024K)
 Metaspace       used 10720K, capacity 10928K, committed 11136K, reserved 1058816K
  class space    used 1303K, capacity 1389K, committed 1408K, reserved 1048576K

Heap Regions: E=young(eden), S=young(survivor), O=old, HS=humongous(starts), HC=humongous(continues), CS=collection set, F=free, OA=open archive, CA=closed archive, TAMS=top-at-mark-start (previous, next)
|   0|0x00000000c4400000, 0x00000000c4500000, 0x00000000c4500000|100%| O|  |TAMS 0x00000000c4400000, 0x00000000c4400000| Untracked 
|   1|0x00000000c4500000, 0x00000000c4552600, 0x00000000c4600000| 32%| O|  |TAMS 0x00000000c4500000, 0x00000000c4500000| Untracked 
|   2|0x00000000c4600000, 0x00000000c4600000, 0x00000000c4700000|  0%| F|  |TAMS 0x00000000c4600000, 0x00000000c4600000| Untracked 
|   3|0x00000000c4700000, 0x00000000c4700000, 0x00000000c4800000|  0%| F|  |TAMS 0x00000000c4700000, 0x00000000c4700000| Untracked 
|   4|0x00000000c4800000, 0x00000000c4900000, 0x00000000c4900000|100%|HS|  |TAMS 0x00000000c4800000, 0x00000000c4800000| Complete 
|   5|0x00000000c4900000, 0x00000000c4a00000, 0x00000000c4a00000|100%|HC|  |TAMS 0x00000000c4900000, 0x00000000c4900000| Complete 
|   6|0x00000000c4a00000, 0x00000000c4a00000, 0x00000000c4b00000|  0%| F|  |TAMS 0x00000000c4a00000, 0x00000000c4a00000| Untracked 
|   7|0x00000000c4b00000, 0x00000000c4b00000, 0x00000000c4c00000|  0%| F|  |TAMS 0x00000000c4b00000, 0x00000000c4b00000| Untracked 
|   8|0x00000000c4c00000, 0x00000000c4c00000, 0x00000000c4d00000|  0%| F|  |TAMS 0x00000000c4c00000, 0x00000000c4c00000| Untracked 
|   9|0x00000000c4d00000, 0x00000000c4d00000, 0x00000000c4e00000|  0%| F|  |TAMS 0x00000000c4d00000, 0x00000000c4d00000| Untracked 
|  10|0x00000000c4e00000, 0x00000000c4e00000, 0x00000000c4f00000|  0%| F|  |TAMS 0x00000000c4e00000, 0x00000000c4e00000| Untracked 
|  11|0x00000000c4f00000, 0x00000000c5000000, 0x00000000c5000000|100%|HS|  |TAMS 0x00000000c4f00000, 0x00000000c4f00000| Complete 
|  12|0x00000000c5000000, 0x00000000c5100000, 0x00000000c5100000|100%|HC|  |TAMS 0x00000000c5000000, 0x00000000c5000000| Complete 
|  13|0x00000000c5100000, 0x00000000c5200000, 0x00000000c5200000|100%|HC|  |TAMS 0x00000000c5100000, 0x00000000c5100000| Complete 
|  14|0x00000000c5200000, 0x00000000c5300000, 0x00000000c5300000|100%|HC|  |TAMS 0x00000000c5200000, 0x00000000c5200000| Complete 
|  15|0x00000000c5300000, 0x00000000c5400000, 0x00000000c5400000|100%| O|  |TAMS 0x00000000c5300000, 0x00000000c5300000| Untracked 
|  16|0x00000000c5400000, 0x00000000c5400000, 0x00000000c5500000|  0%| F|  |TAMS 0x00000000c5400000, 0x00000000c5400000| Untracked 
|  17|0x00000000c5500000, 0x00000000c5500000, 0x00000000c5600000|  0%| F|  |TAMS 0x00000000c5500000, 0x00000000c5500000| Untracked 
|  18|0x00000000c5600000, 0x00000000c5600000, 0x00000000c5700000|  0%| F|  |TAMS 0x00000000c5600000, 0x00000000c5600000| Untracked 
|  19|0x00000000c5700000, 0x00000000c5700000, 0x00000000c5800000|  0%| F|  |TAMS 0x00000000c5700000, 0x00000000c5700000| Untracked 
|  20|0x00000000c5800000, 0x00000000c5800000, 0x00000000c5900000|  0%| F|  |TAMS 0x00000000c5800000, 0x00000000c5800000| Untracked 
|  21|0x00000000c5900000, 0x00000000c5900000, 0x00000000c5a00000|  0%| F|  |TAMS 0x00000000c5900000, 0x00000000c5900000| Untracked 
|  22|0x00000000c5a00000, 0x00000000c5a00000, 0x00000000c5b00000|  0%| F|  |TAMS 0x00000000c5a00000, 0x00000000c5a00000| Untracked 
|  23|0x00000000c5b00000, 0x00000000c5b00000, 0x00000000c5c00000|  0%| F|  |TAMS 0x00000000c5b00000, 0x00000000c5b00000| Untracked 
|  24|0x00000000c5c00000, 0x00000000c5c00000, 0x00000000c5d00000|  0%| F|  |TAMS 0x00000000c5c00000, 0x00000000c5c00000| Untracked 
|  25|0x00000000c5d00000, 0x00000000c5d00000, 0x00000000c5e00000|  0%| F|  |TAMS 0x00000000c5d00000, 0x00000000c5d00000| Untracked 
|  26|0x00000000c5e00000, 0x00000000c5e00000, 0x00000000c5f00000|  0%| F|  |TAMS 0x00000000c5e00000, 0x00000000c5e00000| Untracked 
|  27|0x00000000c5f00000, 0x00000000c5f00000, 0x00000000c6000000|  0%| F|  |TAMS 0x00000000c5f00000, 0x00000000c5f00000| Untracked 
|  28|0x00000000c6000000, 0x00000000c6000000, 0x00000000c6100000|  0%| F|  |TAMS 0x00000000c6000000, 0x00000000c6000000| Untracked 
|  29|0x00000000c6100000, 0x00000000c6100000, 0x00000000c6200000|  0%| F|  |TAMS 0x00000000c6100000, 0x00000000c6100000| Untracked 
|  30|0x00000000c6200000, 0x00000000c6200000, 0x00000000c6300000|  0%| F|  |TAMS 0x00000000c6200000, 0x00000000c6200000| Untracked 
|  31|0x00000000c6300000, 0x00000000c6300000, 0x00000000c6400000|  0%| F|  |TAMS 0x00000000c6300000, 0x00000000c6300000| Untracked 
|  32|0x00000000c6400000, 0x00000000c6401020, 0x00000000c6500000|  0%| S|CS|TAMS 0x00000000c6400000, 0x00000000c6400000| Complete 
|  33|0x00000000c6500000, 0x00000000c6500000, 0x00000000c6600000|  0%| F|  |TAMS 0x00000000c6500000, 0x00000000c6500000| Untracked 
|  34|0x00000000c6600000, 0x00000000c6600000, 0x00000000c6700000|  0%| F|  |TAMS 0x00000000c6600000, 0x00000000c6600000| Untracked 
|  35|0x00000000c6700000, 0x00000000c6700000, 0x00000000c6800000|  0%| F|  |TAMS 0x00000000c6700000, 0x00000000c6700000| Untracked 
|  36|0x00000000c6800000, 0x00000000c6800000, 0x00000000c6900000|  0%| F|  |TAMS 0x00000000c6800000, 0x00000000c6800000| Untracked 
|  37|0x00000000c6900000, 0x00000000c6900000, 0x00000000c6a00000|  0%| F|  |TAMS 0x00000000c6900000, 0x00000000c6900000| Untracked 
|  38|0x00000000c6a00000, 0x00000000c6a00000, 0x00000000c6b00000|  0%| F|  |TAMS 0x00000000c6a00000, 0x00000000c6a00000| Untracked 
|  39|0x00000000c6b00000, 0x00000000c6b00000, 0x00000000c6c00000|  0%| F|  |TAMS 0x00000000c6b00000, 0x00000000c6b00000| Untracked 
|  40|0x00000000c6c00000, 0x00000000c6c00000, 0x00000000c6d00000|  0%| F|  |TAMS 0x00000000c6c00000, 0x00000000c6c00000| Untracked 
|  41|0x00000000c6d00000, 0x00000000c6d00000, 0x00000000c6e00000|  0%| F|  |TAMS 0x00000000c6d00000, 0x00000000c6d00000| Untracked 
|  42|0x00000000c6e00000, 0x00000000c6e00000, 0x00000000c6f00000|  0%| F|  |TAMS 0x00000000c6e00000, 0x00000000c6e00000| Untracked 
|  43|0x00000000c6f00000, 0x00000000c6f00000, 0x00000000c7000000|  0%| F|  |TAMS 0x00000000c6f00000, 0x00000000c6f00000| Untracked 
|  44|0x00000000c7000000, 0x00000000c7000000, 0x00000000c7100000|  0%| F|  |TAMS 0x00000000c7000000, 0x00000000c7000000| Untracked 
|  45|0x00000000c7100000, 0x00000000c7100000, 0x00000000c7200000|  0%| F|  |TAMS 0x00000000c7100000, 0x00000000c7100000| Untracked 
|  46|0x00000000c7200000, 0x00000000c7200000, 0x00000000c7300000|  0%| F|  |TAMS 0x00000000c7200000, 0x00000000c7200000| Untracked 
|  47|0x00000000c7300000, 0x00000000c7300000, 0x00000000c7400000|  0%| F|  |TAMS 0x00000000c7300000, 0x00000000c7300000| Untracked 
|  48|0x00000000c7400000, 0x00000000c7400000, 0x00000000c7500000|  0%| F|  |TAMS 0x00000000c7400000, 0x00000000c7400000| Untracked 
|  49|0x00000000c7500000, 0x00000000c7500000, 0x00000000c7600000|  0%| F|  |TAMS 0x00000000c7500000, 0x00000000c7500000| Untracked 
|  50|0x00000000c7600000, 0x00000000c7600000, 0x00000000c7700000|  0%| F|  |TAMS 0x00000000c7600000, 0x00000000c7600000| Untracked 
|  51|0x00000000c7700000, 0x00000000c7700000, 0x00000000c7800000|  0%| F|  |TAMS 0x00000000c7700000, 0x00000000c7700000| Untracked 
|  52|0x00000000c7800000, 0x00000000c7800000, 0x00000000c7900000|  0%| F|  |TAMS 0x00000000c7800000, 0x00000000c7800000| Untracked 
|  53|0x00000000c7900000, 0x00000000c7900000, 0x00000000c7a00000|  0%| F|  |TAMS 0x00000000c7900000, 0x00000000c7900000| Untracked 
|  54|0x00000000c7a00000, 0x00000000c7a00000, 0x00000000c7b00000|  0%| F|  |TAMS 0x00000000c7a00000, 0x00000000c7a00000| Untracked 
|  55|0x00000000c7b00000, 0x00000000c7b00000, 0x00000000c7c00000|  0%| F|  |TAMS 0x00000000c7b00000, 0x00000000c7b00000| Untracked 
|  56|0x00000000c7c00000, 0x00000000c7c00000, 0x00000000c7d00000|  0%| F|  |TAMS 0x00000000c7c00000, 0x00000000c7c00000| Untracked 
|  57|0x00000000c7d00000, 0x00000000c7d00000, 0x00000000c7e00000|  0%| F|  |TAMS 0x00000000c7d00000, 0x00000000c7d00000| Untracked 
|  58|0x00000000c7e00000, 0x00000000c7e00000, 0x00000000c7f00000|  0%| F|  |TAMS 0x00000000c7e00000, 0x00000000c7e00000| Untracked 
|  59|0x00000000c7f00000, 0x00000000c7f00000, 0x00000000c8000000|  0%| F|  |TAMS 0x00000000c7f00000, 0x00000000c7f00000| Untracked 
|  60|0x00000000c8000000, 0x00000000c8000000, 0x00000000c8100000|  0%| F|  |TAMS 0x00000000c8000000, 0x00000000c8000000| Untracked 
|  61|0x00000000c8100000, 0x00000000c8100000, 0x00000000c8200000|  0%| F|  |TAMS 0x00000000c8100000, 0x00000000c8100000| Untracked 
|  62|0x00000000c8200000, 0x00000000c8200000, 0x00000000c8300000|  0%| F|  |TAMS 0x00000000c8200000, 0x00000000c8200000| Untracked 
|  63|0x00000000c8300000, 0x00000000c8300000, 0x00000000c8400000|  0%| F|  |TAMS 0x00000000c8300000, 0x00000000c8300000| Untracked 
|  64|0x00000000c8400000, 0x00000000c8400000, 0x00000000c8500000|  0%| F|  |TAMS 0x00000000c8400000, 0x00000000c8400000| Untracked 
|  65|0x00000000c8500000, 0x00000000c8500000, 0x00000000c8600000|  0%| F|  |TAMS 0x00000000c8500000, 0x00000000c8500000| Untracked 
|  66|0x00000000c8600000, 0x00000000c8600000, 0x00000000c8700000|  0%| F|  |TAMS 0x00000000c8600000, 0x00000000c8600000| Untracked 
|  67|0x00000000c8700000, 0x00000000c8700000, 0x00000000c8800000|  0%| F|  |TAMS 0x00000000c8700000, 0x00000000c8700000| Untracked 
|  68|0x00000000c8800000, 0x00000000c8800000, 0x00000000c8900000|  0%| F|  |TAMS 0x00000000c8800000, 0x00000000c8800000| Untracked 
|  69|0x00000000c8900000, 0x00000000c8900000, 0x00000000c8a00000|  0%| F|  |TAMS 0x00000000c8900000, 0x00000000c8900000| Untracked 
|  70|0x00000000c8a00000, 0x00000000c8a00000, 0x00000000c8b00000|  0%| F|  |TAMS 0x00000000c8a00000, 0x00000000c8a00000| Untracked 
|  71|0x00000000c8b00000, 0x00000000c8b00000, 0x00000000c8c00000|  0%| F|  |TAMS 0x00000000c8b00000, 0x00000000c8b00000| Untracked 
|  72|0x00000000c8c00000, 0x00000000c8c00000, 0x00000000c8d00000|  0%| F|  |TAMS 0x00000000c8c00000, 0x00000000c8c00000| Untracked 
|  73|0x00000000c8d00000, 0x00000000c8d00000, 0x00000000c8e00000|  0%| F|  |TAMS 0x00000000c8d00000, 0x00000000c8d00000| Untracked 
|  74|0x00000000c8e00000, 0x00000000c8e00000, 0x00000000c8f00000|  0%| F|  |TAMS 0x00000000c8e00000, 0x00000000c8e00000| Untracked 
|  75|0x00000000c8f00000, 0x00000000c8f00000, 0x00000000c9000000|  0%| F|  |TAMS 0x00000000c8f00000, 0x00000000c8f00000| Untracked 
|  76|0x00000000c9000000, 0x00000000c9000000, 0x00000000c9100000|  0%| F|  |TAMS 0x00000000c9000000, 0x00000000c9000000| Untracked 
|  77|0x00000000c9100000, 0x00000000c9100000, 0x00000000c9200000|  0%| F|  |TAMS 0x00000000c9100000, 0x00000000c9100000| Untracked 
|  78|0x00000000c9200000, 0x00000000c9200000, 0x00000000c9300000|  0%| F|  |TAMS 0x00000000c9200000, 0x00000000c9200000| Untracked 
|  79|0x00000000c9300000, 0x00000000c9300000, 0x00000000c9400000|  0%| F|  |TAMS 0x00000000c9300000, 0x00000000c9300000| Untracked 
|  80|0x00000000c9400000, 0x00000000c9400000, 0x00000000c9500000|  0%| F|  |TAMS 0x00000000c9400000, 0x00000000c9400000| Untracked 

Card table byte_map: [0x00000190ce970000,0x00000190ceb50000] _byte_map_base: 0x00000190ce34e000

Marking Bits (Prev, Next): (CMBitMap*) 0x00000190b5737260, (CMBitMap*) 0x00000190b57372a0
 Prev Bits: [0x00000190ced30000, 0x00000190cfc20000)
 Next Bits: [0x00000190cfc20000, 0x00000190d0b10000)

Polling page: 0x00000190b55a0000

Metaspace:

Usage:
  Non-class:      9.32 MB capacity,     9.20 MB ( 99%) used,   106.51 KB (  1%) free+waste,    14.75 KB ( <1%) overhead. 
      Class:      1.36 MB capacity,     1.27 MB ( 94%) used,    79.46 KB (  6%) free+waste,     6.38 KB ( <1%) overhead. 
       Both:     10.67 MB capacity,    10.47 MB ( 98%) used,   185.97 KB (  2%) free+waste,    21.12 KB ( <1%) overhead. 

Virtual space:
  Non-class space:       10.00 MB reserved,       9.50 MB ( 95%) committed 
      Class space:        1.00 GB reserved,       1.38 MB ( <1%) committed 
             Both:        1.01 GB reserved,      10.88 MB (  1%) committed 

Chunk freelists:
   Non-Class:  1.00 KB
       Class:  19.00 KB
        Both:  20.00 KB

MaxMetaspaceSize: 17179869184.00 GB
CompressedClassSpaceSize: 1.00 GB

CodeHeap 'non-profiled nmethods': size=120000Kb used=422Kb max_used=422Kb free=119577Kb
 bounds [0x00000190c6c40000, 0x00000190c6eb0000, 0x00000190ce170000]
CodeHeap 'profiled nmethods': size=120000Kb used=1831Kb max_used=1831Kb free=118169Kb
 bounds [0x00000190bf710000, 0x00000190bf980000, 0x00000190c6c40000]
CodeHeap 'non-nmethods': size=5760Kb used=1300Kb max_used=1319Kb free=4459Kb
 bounds [0x00000190bf170000, 0x00000190bf3e0000, 0x00000190bf710000]
 total_blobs=1840 nmethods=1245 adapters=508
 compilation: enabled
              stopped_count=0, restarted_count=0
 full_count=0

Compilation events (20 events):
Event: 7.582 Thread 0x00000190d30bbca0 nmethod 1241 0x00000190bf8d7390 code [0x00000190bf8d7580, 0x00000190bf8d7ab8]
Event: 7.583 Thread 0x00000190d30bbca0 1240       3       picasso.parser.language.expressions.operators.Addition::evaluate (75 bytes)
Event: 7.583 Thread 0x00000190d30bbca0 nmethod 1240 0x00000190bf8d7d10 code [0x00000190bf8d7f00, 0x00000190bf8d8438]
Event: 7.601 Thread 0x00000190d30b75d0 nmethod 1230% 0x00000190c6ca6d90 code [0x00000190c6ca6f40, 0x00000190c6ca78e8]
Event: 7.601 Thread 0x00000190d30b75d0 1242       4       picasso.parser.language.expressions.unaryFunctions.Abs::evaluate (55 bytes)
Event: 7.602 Thread 0x00000190d30bbca0 1245       3       picasso.view.commands.RandomEvaluator::execute (94 bytes)
Event: 7.603 Thread 0x00000190d30bbca0 nmethod 1245 0x00000190bf8d8690 code [0x00000190bf8d8900, 0x00000190bf8d9338]
Event: 7.603 Thread 0x00000190d30b75d0 nmethod 1242 0x00000190c6ca7e10 code [0x00000190c6ca7fe0, 0x00000190c6ca8158]
Event: 7.603 Thread 0x00000190d30b75d0 1243       4       picasso.parser.language.expressions.operators.Addition::evaluate (75 bytes)
Event: 7.605 Thread 0x00000190d30b75d0 nmethod 1243 0x00000190c6ca8290 code [0x00000190c6ca8420, 0x00000190c6ca85b8]
Event: 7.605 Thread 0x00000190d30b75d0 1238       4       picasso.parser.language.expressions.unaryFunctions.Sin::evaluate (55 bytes)
Event: 7.606 Thread 0x00000190d30b75d0 nmethod 1238 0x00000190c6ca8790 code [0x00000190c6ca8920, 0x00000190c6ca8a78]
Event: 7.606 Thread 0x00000190d30b75d0 1244       4       picasso.parser.language.expressions.operators.Minus::evaluate (75 bytes)
Event: 7.609 Thread 0x00000190d30b75d0 nmethod 1244 0x00000190c6ca8c10 code [0x00000190c6ca8da0, 0x00000190c6ca8f38]
Event: 7.609 Thread 0x00000190d30b75d0 1223       4       jdk.internal.reflect.ByteVectorImpl::add (38 bytes)
Event: 7.610 Thread 0x00000190d30b75d0 nmethod 1223 0x00000190c6ca9110 code [0x00000190c6ca92a0, 0x00000190c6ca93a8]
Event: 7.610 Thread 0x00000190d30b75d0 1224       4       jdk.internal.reflect.ClassFileAssembler::emitByte (11 bytes)
Event: 7.612 Thread 0x00000190d30b75d0 nmethod 1224 0x00000190c6ca9490 code [0x00000190c6ca9620, 0x00000190c6ca9768]
Event: 7.902 Thread 0x00000190d30bbca0 1246       3       sun.java2d.pipe.Region::<init> (26 bytes)
Event: 7.902 Thread 0x00000190d30bbca0 nmethod 1246 0x00000190bf8d9890 code [0x00000190bf8d9a20, 0x00000190bf8d9b78]

GC Heap History (20 events):
Event: 7.780 GC heap after
{Heap after GC invocations=21 (full 0):
 garbage-first heap   total 61440K, used 8521K [0x00000000c4400000, 0x0000000100000000)
  region size 1024K, 1 young (1024K), 1 survivors (1024K)
 Metaspace       used 10720K, capacity 10928K, committed 11136K, reserved 1058816K
  class space    used 1303K, capacity 1389K, committed 1408K, reserved 1048576K
}
Event: 7.808 GC heap before
{Heap before GC invocations=21 (full 0):
 garbage-first heap   total 61440K, used 44361K [0x00000000c4400000, 0x0000000100000000)
  region size 1024K, 36 young (36864K), 1 survivors (1024K)
 Metaspace       used 10720K, capacity 10928K, committed 11136K, reserved 1058816K
  class space    used 1303K, capacity 1389K, committed 1408K, reserved 1048576K
}
Event: 7.808 GC heap after
{Heap after GC invocations=22 (full 0):
 garbage-first heap   total 61440K, used 8521K [0x00000000c4400000, 0x0000000100000000)
  region size 1024K, 1 young (1024K), 1 survivors (1024K)
 Metaspace       used 10720K, capacity 10928K, committed 11136K, reserved 1058816K
  class space    used 1303K, capacity 1389K, committed 1408K, reserved 1048576K
}
Event: 7.826 GC heap before
{Heap before GC invocations=22 (full 0):
 garbage-first heap   total 61440K, used 44361K [0x00000000c4400000, 0x0000000100000000)
  region size 1024K, 36 young (36864K), 1 survivors (1024K)
 Metaspace       used 10720K, capacity 10928K, committed 11136K, reserved 1058816K
  class space    used 1303K, capacity 1389K, committed 1408K, reserved 1048576K
}
Event: 7.827 GC heap after
{Heap after GC invocations=23 (full 0):
 garbage-first heap   total 61440K, used 8523K [0x00000000c4400000, 0x0000000100000000)
  region size 1024K, 1 young (1024K), 1 survivors (1024K)
 Metaspace       used 10720K, capacity 10928K, committed 11136K, reserved 1058816K
  class space    used 1303K, capacity 1389K, committed 1408K, reserved 1048576K
}
Event: 7.854 GC heap before
{Heap before GC invocations=23 (full 0):
 garbage-first heap   total 61440K, used 44363K [0x00000000c4400000, 0x0000000100000000)
  region size 1024K, 36 young (36864K), 1 survivors (1024K)
 Metaspace       used 10720K, capacity 10928K, committed 11136K, reserved 1058816K
  class space    used 1303K, capacity 1389K, committed 1408K, reserved 1048576K
}
Event: 7.855 GC heap after
{Heap after GC invocations=24 (full 0):
 garbage-first heap   total 61440K, used 8521K [0x00000000c4400000, 0x0000000100000000)
  region size 1024K, 1 young (1024K), 1 survivors (1024K)
 Metaspace       used 10720K, capacity 10928K, committed 11136K, reserved 1058816K
  class space    used 1303K, capacity 1389K, committed 1408K, reserved 1048576K
}
Event: 7.881 GC heap before
{Heap before GC invocations=24 (full 0):
 garbage-first heap   total 61440K, used 44361K [0x00000000c4400000, 0x0000000100000000)
  region size 1024K, 36 young (36864K), 1 survivors (1024K)
 Metaspace       used 10720K, capacity 10928K, committed 11136K, reserved 1058816K
  class space    used 1303K, capacity 1389K, committed 1408K, reserved 1048576K
}
Event: 7.882 GC heap after
{Heap after GC invocations=25 (full 0):
 garbage-first heap   total 61440K, used 8523K [0x00000000c4400000, 0x0000000100000000)
  region size 1024K, 1 young (1024K), 1 survivors (1024K)
 Metaspace       used 10720K, capacity 10928K, committed 11136K, reserved 1058816K
  class space    used 1303K, capacity 1389K, committed 1408K, reserved 1048576K
}
Event: 7.900 GC heap before
{Heap before GC invocations=25 (full 0):
 garbage-first heap   total 61440K, used 44363K [0x00000000c4400000, 0x0000000100000000)
  region size 1024K, 36 young (36864K), 1 survivors (1024K)
 Metaspace       used 10720K, capacity 10928K, committed 11136K, reserved 1058816K
  class space    used 1303K, capacity 1389K, committed 1408K, reserved 1048576K
}
Event: 7.901 GC heap after
{Heap after GC invocations=26 (full 0):
 garbage-first heap   total 61440K, used 8521K [0x00000000c4400000, 0x0000000100000000)
  region size 1024K, 1 young (1024K), 1 survivors (1024K)
 Metaspace       used 10720K, capacity 10928K, committed 11136K, reserved 1058816K
  class space    used 1303K, capacity 1389K, committed 1408K, reserved 1048576K
}
Event: 7.924 GC heap before
{Heap before GC invocations=26 (full 0):
 garbage-first heap   total 61440K, used 44361K [0x00000000c4400000, 0x0000000100000000)
  region size 1024K, 36 young (36864K), 1 survivors (1024K)
 Metaspace       used 10720K, capacity 10928K, committed 11136K, reserved 1058816K
  class space    used 1303K, capacity 1389K, committed 1408K, reserved 1048576K
}
Event: 7.925 GC heap after
{Heap after GC invocations=27 (full 0):
 garbage-first heap   total 82944K, used 8523K [0x00000000c4400000, 0x0000000100000000)
  region size 1024K, 1 young (1024K), 1 survivors (1024K)
 Metaspace       used 10720K, capacity 10928K, committed 11136K, reserved 1058816K
  class space    used 1303K, capacity 1389K, committed 1408K, reserved 1048576K
}
Event: 7.968 GC heap before
{Heap before GC invocations=27 (full 0):
 garbage-first heap   total 82944K, used 56651K [0x00000000c4400000, 0x0000000100000000)
  region size 1024K, 48 young (49152K), 1 survivors (1024K)
 Metaspace       used 10720K, capacity 10928K, committed 11136K, reserved 1058816K
  class space    used 1303K, capacity 1389K, committed 1408K, reserved 1048576K
}
Event: 7.968 GC heap after
{Heap after GC invocations=28 (full 0):
 garbage-first heap   total 82944K, used 8525K [0x00000000c4400000, 0x0000000100000000)
  region size 1024K, 1 young (1024K), 1 survivors (1024K)
 Metaspace       used 10720K, capacity 10928K, committed 11136K, reserved 1058816K
  class space    used 1303K, capacity 1389K, committed 1408K, reserved 1048576K
}
Event: 8.009 GC heap before
{Heap before GC invocations=28 (full 0):
 garbage-first heap   total 82944K, used 56653K [0x00000000c4400000, 0x0000000100000000)
  region size 1024K, 48 young (49152K), 1 survivors (1024K)
 Metaspace       used 10720K, capacity 10928K, committed 11136K, reserved 1058816K
  class space    used 1303K, capacity 1389K, committed 1408K, reserved 1048576K
}
Event: 8.009 GC heap after
{Heap after GC invocations=29 (full 0):
 garbage-first heap   total 82944K, used 8525K [0x00000000c4400000, 0x0000000100000000)
  region size 1024K, 1 young (1024K), 1 survivors (1024K)
 Metaspace       used 10720K, capacity 10928K, committed 11136K, reserved 1058816K
  class space    used 1303K, capacity 1389K, committed 1408K, reserved 1048576K
}
Event: 8.034 GC heap before
{Heap before GC invocations=29 (full 0):
 garbage-first heap   total 82944K, used 56653K [0x00000000c4400000, 0x0000000100000000)
  region size 1024K, 48 young (49152K), 1 survivors (1024K)
 Metaspace       used 10720K, capacity 10928K, committed 11136K, reserved 1058816K
  class space    used 1303K, capacity 1389K, committed 1408K, reserved 1048576K
}
Event: 8.034 GC heap after
{Heap after GC invocations=30 (full 0):
 garbage-first heap   total 82944K, used 8525K [0x00000000c4400000, 0x0000000100000000)
  region size 1024K, 1 young (1024K), 1 survivors (1024K)
 Metaspace       used 10720K, capacity 10928K, committed 11136K, reserved 1058816K
  class space    used 1303K, capacity 1389K, committed 1408K, reserved 1048576K
}
Event: 8.059 GC heap before
{Heap before GC invocations=30 (full 0):
 garbage-first heap   total 82944K, used 56653K [0x00000000c4400000, 0x0000000100000000)
  region size 1024K, 48 young (49152K), 1 survivors (1024K)
 Metaspace       used 10720K, capacity 10928K, committed 11136K, reserved 1058816K
  class space    used 1303K, capacity 1389K, committed 1408K, reserved 1048576K
}

Deoptimization events (20 events):
Event: 7.581 Thread 0x00000190d4cee080 Uncommon trap: trap_request=0xffffffc6 fr.pc=0x00000190c6ca2748 relative=0x0000000000000768
Event: 7.581 Thread 0x00000190d4cee080 Uncommon trap: reason=bimorphic_or_optimized_type_check action=maybe_recompile pc=0x00000190c6ca2748 method=picasso.parser.language.expressions.operators.Addition.evaluate(DD)Lpicasso/parser/language/expressions/RGBColor; @ 6 c2
Event: 7.581 Thread 0x00000190d4cee080 DEOPT PACKING pc=0x00000190c6ca2748 sp=0x000000829d5fee70
Event: 7.581 Thread 0x00000190d4cee080 DEOPT UNPACKING pc=0x00000190bf1be42f sp=0x000000829d5fee00 mode 2
Event: 7.581 Thread 0x00000190d4cee080 Uncommon trap: trap_request=0xffffffc6 fr.pc=0x00000190c6ca276c relative=0x000000000000078c
Event: 7.581 Thread 0x00000190d4cee080 Uncommon trap: reason=bimorphic_or_optimized_type_check action=maybe_recompile pc=0x00000190c6ca276c method=picasso.parser.language.expressions.operators.Addition.evaluate(DD)Lpicasso/parser/language/expressions/RGBColor; @ 17 c2
Event: 7.581 Thread 0x00000190d4cee080 DEOPT PACKING pc=0x00000190c6ca276c sp=0x000000829d5fea80
Event: 7.581 Thread 0x00000190d4cee080 DEOPT UNPACKING pc=0x00000190bf1be42f sp=0x000000829d5fe9e8 mode 2
Event: 7.581 Thread 0x00000190d4cee080 Uncommon trap: trap_request=0xffffffc6 fr.pc=0x00000190c6ca277c relative=0x000000000000079c
Event: 7.581 Thread 0x00000190d4cee080 Uncommon trap: reason=bimorphic_or_optimized_type_check action=maybe_recompile pc=0x00000190c6ca277c method=picasso.parser.language.expressions.unaryFunctions.Abs.evaluate(DD)Lpicasso/parser/language/expressions/RGBColor; @ 6 c2
Event: 7.581 Thread 0x00000190d4cee080 DEOPT PACKING pc=0x00000190c6ca277c sp=0x000000829d5fe990
Event: 7.581 Thread 0x00000190d4cee080 DEOPT UNPACKING pc=0x00000190bf1be42f sp=0x000000829d5fe868 mode 2
Event: 7.581 Thread 0x00000190d4cee080 Uncommon trap: trap_request=0xffffffc6 fr.pc=0x00000190c6ca1204 relative=0x0000000000000244
Event: 7.581 Thread 0x00000190d4cee080 Uncommon trap: reason=bimorphic_or_optimized_type_check action=maybe_recompile pc=0x00000190c6ca1204 method=picasso.parser.language.expressions.operators.Minus.evaluate(DD)Lpicasso/parser/language/expressions/RGBColor; @ 17 c2
Event: 7.581 Thread 0x00000190d4cee080 DEOPT PACKING pc=0x00000190c6ca1204 sp=0x000000829d5feb00
Event: 7.581 Thread 0x00000190d4cee080 DEOPT UNPACKING pc=0x00000190bf1be42f sp=0x000000829d5fea50 mode 2
Event: 7.581 Thread 0x00000190d4cee080 Uncommon trap: trap_request=0xffffffc6 fr.pc=0x00000190c6ca1204 relative=0x0000000000000244
Event: 7.581 Thread 0x00000190d4cee080 Uncommon trap: reason=bimorphic_or_optimized_type_check action=maybe_recompile pc=0x00000190c6ca1204 method=picasso.parser.language.expressions.operators.Minus.evaluate(DD)Lpicasso/parser/language/expressions/RGBColor; @ 17 c2
Event: 7.581 Thread 0x00000190d4cee080 DEOPT PACKING pc=0x00000190c6ca1204 sp=0x000000829d5ff370
Event: 7.581 Thread 0x00000190d4cee080 DEOPT UNPACKING pc=0x00000190bf1be42f sp=0x000000829d5ff2c0 mode 2

Classes unloaded (0 events):
No events

Classes redefined (0 events):
No events

Internal exceptions (18 events):
Event: 0.263 Thread 0x00000190b5706f50 Exception <a 'java/lang/ClassNotFoundException'{0x00000000c7ff8a08}: sun/awt/resources/spi/awtProvider> (0x00000000c7ff8a08) 
thrown [./open/src/hotspot/share/classfile/systemDictionary.cpp, line 295]
Event: 0.347 Thread 0x00000190b5706f50 Exception <a 'java/io/FileNotFoundException'{0x00000000c7e5ac18}> (0x00000000c7e5ac18) 
thrown [./open/src/hotspot/share/prims/jni.cpp, line 578]
Event: 0.366 Thread 0x00000190b5706f50 Exception <a 'java/io/FileNotFoundException'{0x00000000c7e896c0}> (0x00000000c7e896c0) 
thrown [./open/src/hotspot/share/prims/jni.cpp, line 578]
Event: 0.367 Thread 0x00000190b5706f50 Exception <a 'java/lang/NoSuchMethodError'{0x00000000c7e8a9b8}: 'java.lang.Object java.lang.invoke.DirectMethodHandle$Holder.invokeStatic(java.lang.Object)'> (0x00000000c7e8a9b8) 
thrown [./open/src/hotspot/share/interpreter/linkResolver.cpp, line 782]
Event: 0.396 Thread 0x00000190b5706f50 Exception <a 'java/lang/NoSuchMethodError'{0x00000000c7e9ee10}: 'void java.lang.invoke.DirectMethodHandle$Holder.invokeSpecial(java.lang.Object, java.lang.Object, java.lang.Object)'> (0x00000000c7e9ee10) 
thrown [./open/src/hotspot/share/interpreter/linkResolver.cpp, line 782]
Event: 0.570 Thread 0x00000190b5706f50 Exception <a 'java/lang/NoSuchMethodError'{0x00000000c7dc6520}: 'java.lang.Object java.lang.invoke.DirectMethodHandle$Holder.invokeStaticInit(java.lang.Object)'> (0x00000000c7dc6520) 
thrown [./open/src/hotspot/share/interpreter/linkResolver.cpp, line 782]
Event: 0.644 Thread 0x00000190b5706f50 Exception <a 'java/lang/NoSuchMethodError'{0x00000000c7c44e48}: 'java.lang.Object java.lang.invoke.DirectMethodHandle$Holder.newInvokeSpecial(java.lang.Object, java.lang.Object, java.lang.Object, java.lang.Object, java.lang.Object)'> (0x00000000c7c44e48) 
thrown [./open/src/hotspot/share/interpreter/linkResolver.cpp, line 782]
Event: 0.647 Thread 0x00000190b5706f50 Exception <a 'java/lang/NoSuchMethodError'{0x00000000c7c508d8}: 'java.lang.Object java.lang.invoke.DirectMethodHandle$Holder.invokeStatic(java.lang.Object, int, java.lang.Object, java.lang.Object, java.lang.Object, java.lang.Object)'> (0x00000000c7c508d8) 
thrown [./open/src/hotspot/share/interpreter/linkResolver.cpp, line 782]
Event: 0.653 Thread 0x00000190b5706f50 Exception <a 'java/lang/NoSuchMethodError'{0x00000000c7c76ae0}: 'java.lang.Object java.lang.invoke.DirectMethodHandle$Holder.invokeStatic(java.lang.Object, int, java.lang.Object)'> (0x00000000c7c76ae0) 
thrown [./open/src/hotspot/share/interpreter/linkResolver.cpp, line 782]
Event: 0.699 Thread 0x00000190b5706f50 Exception <a 'java/lang/ClassNotFoundException'{0x00000000c7b2f378}: com/sun/swing/internal/plaf/metal/resources/spi/metalProvider> (0x00000000c7b2f378) 
thrown [./open/src/hotspot/share/classfile/systemDictionary.cpp, line 295]
Event: 0.702 Thread 0x00000190b5706f50 Exception <a 'java/lang/ClassNotFoundException'{0x00000000c7b33638}: com/sun/swing/internal/plaf/basic/resources/spi/basicProvider> (0x00000000c7b33638) 
thrown [./open/src/hotspot/share/classfile/systemDictionary.cpp, line 295]
Event: 0.761 Thread 0x00000190b5706f50 Exception <a 'java/lang/NoSuchMethodError'{0x00000000c7b76300}: 'void java.lang.invoke.DirectMethodHandle$Holder.invokeStaticInit(java.lang.Object)'> (0x00000000c7b76300) 
thrown [./open/src/hotspot/share/interpreter/linkResolver.cpp, line 782]
Event: 0.966 Thread 0x00000190b5706f50 Exception <a 'java/lang/NoSuchMethodError'{0x00000000c7accdf8}: 'void java.lang.invoke.DirectMethodHandle$Holder.invokeStatic(java.lang.Object, java.lang.Object, java.lang.Object)'> (0x00000000c7accdf8) 
thrown [./open/src/hotspot/share/interpreter/linkResolver.cpp, line 782]
Event: 0.967 Thread 0x00000190b5706f50 Exception <a 'java/lang/NoSuchMethodError'{0x00000000c7ad3560}: 'void java.lang.invoke.DirectMethodHandle$Holder.invokeStatic(java.lang.Object, java.lang.Object)'> (0x00000000c7ad3560) 
thrown [./open/src/hotspot/share/interpreter/linkResolver.cpp, line 782]
Event: 0.981 Thread 0x00000190d3b05280 Exception <a 'java/lang/NoSuchMethodError'{0x00000000c7967698}: 'java.lang.Object java.lang.invoke.DirectMethodHandle$Holder.newInvokeSpecial(java.lang.Object, java.lang.Object, java.lang.Object, int, int, int, int, int)'> (0x00000000c7967698) 
thrown [./open/src/hotspot/share/interpreter/linkResolver.cpp, line 782]
Event: 1.950 Thread 0x00000190d3b065c0 Implicit null exception at 0x00000190c6c6e900 to 0x00000190c6c6ec68
Event: 3.140 Thread 0x00000190d4cebed0 Exception <a 'java/lang/NoSuchMethodError'{0x00000000c765e588}: 'java.lang.Object java.lang.invoke.DirectMethodHandle$Holder.invokeInterface(java.lang.Object, java.lang.Object)'> (0x00000000c765e588) 
thrown [./open/src/hotspot/share/interpreter/linkResolver.cpp, line 782]
Event: 3.141 Thread 0x00000190d4cebed0 Exception <a 'java/lang/IncompatibleClassChangeError'{0x00000000c7661d78}: Found class java.lang.Object, but interface was expected> (0x00000000c7661d78) 
thrown [./open/src/hotspot/share/interpreter/linkResolver.cpp, line 848]

Events (20 events):
Event: 7.780 Executing VM operation: G1CollectForAllocation done
Event: 7.808 Executing VM operation: G1CollectForAllocation
Event: 7.808 Executing VM operation: G1CollectForAllocation done
Event: 7.826 Executing VM operation: G1CollectForAllocation
Event: 7.827 Executing VM operation: G1CollectForAllocation done
Event: 7.854 Executing VM operation: G1CollectForAllocation
Event: 7.855 Executing VM operation: G1CollectForAllocation done
Event: 7.881 Executing VM operation: G1CollectForAllocation
Event: 7.882 Executing VM operation: G1CollectForAllocation done
Event: 7.900 Executing VM operation: G1CollectForAllocation
Event: 7.901 Executing VM operation: G1CollectForAllocation done
Event: 7.923 Executing VM operation: G1CollectForAllocation
Event: 7.925 Executing VM operation: G1CollectForAllocation done
Event: 7.967 Executing VM operation: G1CollectForAllocation
Event: 7.968 Executing VM operation: G1CollectForAllocation done
Event: 8.008 Executing VM operation: G1CollectForAllocation
Event: 8.010 Executing VM operation: G1CollectForAllocation done
Event: 8.034 Executing VM operation: G1CollectForAllocation
Event: 8.035 Executing VM operation: G1CollectForAllocation done
Event: 8.059 Executing VM operation: G1CollectForAllocation


Dynamic libraries:
0x00007ff65deb0000 - 0x00007ff65debf000 	C:\Program Files\Java\jdk-15\bin\javaw.exe
0x00007ffc83e50000 - 0x00007ffc84046000 	C:\WINDOWS\SYSTEM32\ntdll.dll
0x00007ffc55eb0000 - 0x00007ffc55ec2000 	C:\Program Files\AVAST Software\Avast\aswhook.dll
0x00007ffc826c0000 - 0x00007ffc8277d000 	C:\WINDOWS\System32\KERNEL32.DLL
0x00007ffc81bb0000 - 0x00007ffc81e78000 	C:\WINDOWS\System32\KERNELBASE.dll
0x00007ffc81590000 - 0x00007ffc81690000 	C:\WINDOWS\System32\ucrtbase.dll
0x00007ffc62fe0000 - 0x00007ffc62ff8000 	C:\Program Files\Java\jdk-15\bin\jli.dll
0x00007ffc82ae0000 - 0x00007ffc82b8c000 	C:\WINDOWS\System32\ADVAPI32.dll
0x00007ffc82b90000 - 0x00007ffc82c2e000 	C:\WINDOWS\System32\msvcrt.dll
0x00007ffc83660000 - 0x00007ffc836fb000 	C:\WINDOWS\System32\sechost.dll
0x00007ffc83ae0000 - 0x00007ffc83c04000 	C:\WINDOWS\System32\RPCRT4.dll
0x00007ffc83700000 - 0x00007ffc838a0000 	C:\WINDOWS\System32\USER32.dll
0x00007ffc81b00000 - 0x00007ffc81b22000 	C:\WINDOWS\System32\win32u.dll
0x00007ffc838a0000 - 0x00007ffc838ca000 	C:\WINDOWS\System32\GDI32.dll
0x00007ffc81690000 - 0x00007ffc81799000 	C:\WINDOWS\System32\gdi32full.dll
0x00007ffc81a60000 - 0x00007ffc81afd000 	C:\WINDOWS\System32\msvcp_win.dll
0x00007ffc62d20000 - 0x00007ffc62d39000 	C:\Program Files\Java\jdk-15\bin\VCRUNTIME140.dll
0x00007ffc6bfa0000 - 0x00007ffc6c23b000 	C:\WINDOWS\WinSxS\amd64_microsoft.windows.common-controls_6595b64144ccf1df_6.0.19041.488_none_ca04af081b815d21\COMCTL32.dll
0x00007ffc6d240000 - 0x00007ffc6d24a000 	C:\WINDOWS\SYSTEM32\VERSION.dll
0x00007ffc82d90000 - 0x00007ffc82dc0000 	C:\WINDOWS\System32\IMM32.DLL
0x00007ffc62ee0000 - 0x00007ffc62eec000 	C:\Program Files\Java\jdk-15\bin\vcruntime140_1.dll
0x00007ffc4ee80000 - 0x00007ffc4ef11000 	C:\Program Files\Java\jdk-15\bin\msvcp140.dll
0x00007ffc1bd60000 - 0x00007ffc1c8bc000 	C:\Program Files\Java\jdk-15\bin\server\jvm.dll
0x00007ffc838d0000 - 0x00007ffc838d8000 	C:\WINDOWS\System32\PSAPI.DLL
0x00007ffc66f40000 - 0x00007ffc66f49000 	C:\WINDOWS\SYSTEM32\WSOCK32.dll
0x00007ffc83110000 - 0x00007ffc8317b000 	C:\WINDOWS\System32\WS2_32.dll
0x00007ffc6a120000 - 0x00007ffc6a147000 	C:\WINDOWS\SYSTEM32\WINMM.dll
0x00007ffc7fec0000 - 0x00007ffc7fed2000 	C:\WINDOWS\SYSTEM32\kernel.appcore.dll
0x00007ffc62e00000 - 0x00007ffc62e0a000 	C:\Program Files\Java\jdk-15\bin\jimage.dll
0x00007ffc7fb80000 - 0x00007ffc7fd64000 	C:\WINDOWS\SYSTEM32\DBGHELP.DLL
0x00007ffc6cf40000 - 0x00007ffc6cf6c000 	C:\WINDOWS\SYSTEM32\dbgcore.DLL
0x00007ffc81b30000 - 0x00007ffc81baf000 	C:\WINDOWS\System32\bcryptPrimitives.dll
0x00007ffc60ba0000 - 0x00007ffc60bc5000 	C:\Program Files\Java\jdk-15\bin\java.dll
0x00007ffc81eb0000 - 0x00007ffc825f1000 	C:\WINDOWS\System32\SHELL32.dll
0x00007ffc7c290000 - 0x00007ffc7ca25000 	C:\WINDOWS\SYSTEM32\windows.storage.dll
0x00007ffc82780000 - 0x00007ffc82ad5000 	C:\WINDOWS\System32\combase.dll
0x00007ffc80f90000 - 0x00007ffc80fbc000 	C:\WINDOWS\SYSTEM32\Wldp.dll
0x00007ffc83d60000 - 0x00007ffc83e0e000 	C:\WINDOWS\System32\SHCORE.dll
0x00007ffc83180000 - 0x00007ffc831d5000 	C:\WINDOWS\System32\shlwapi.dll
0x00007ffc814c0000 - 0x00007ffc814e6000 	C:\WINDOWS\SYSTEM32\profapi.dll
0x00007ffc2ce70000 - 0x00007ffc2cff0000 	C:\Program Files\Java\jdk-15\bin\awt.dll
0x00007ffc82c30000 - 0x00007ffc82cfd000 	C:\WINDOWS\System32\OLEAUT32.dll
0x00007ffc7b9d0000 - 0x00007ffc7ba60000 	C:\WINDOWS\SYSTEM32\apphelp.dll
0x00007ffc58e00000 - 0x00007ffc58e19000 	C:\Program Files\Java\jdk-15\bin\net.dll
0x00007ffc78130000 - 0x00007ffc78230000 	C:\WINDOWS\SYSTEM32\WINHTTP.dll
0x00007ffc80cb0000 - 0x00007ffc80d1a000 	C:\WINDOWS\system32\mswsock.dll
0x00007ffc587d0000 - 0x00007ffc587e2000 	C:\Program Files\Java\jdk-15\bin\nio.dll
0x00007ffc57290000 - 0x00007ffc572a8000 	C:\Program Files\Java\jdk-15\bin\zip.dll
0x00007ffc7bcd0000 - 0x00007ffc7bcff000 	C:\WINDOWS\system32\DWMAPI.DLL
0x00007ffc7bae0000 - 0x00007ffc7bb7e000 	C:\WINDOWS\system32\uxtheme.dll
0x00007ffc5e7c0000 - 0x00007ffc5e8e5000 	C:\WINDOWS\system32\opengl32.dll
0x00007ffc5e690000 - 0x00007ffc5e6bc000 	C:\WINDOWS\SYSTEM32\GLU32.dll
0x00007ffc83940000 - 0x00007ffc83a55000 	C:\WINDOWS\System32\MSCTF.dll
0x00007ffc83c30000 - 0x00007ffc83d5a000 	C:\WINDOWS\System32\ole32.dll
0x00007ffc2d190000 - 0x00007ffc2d215000 	C:\Program Files\Java\jdk-15\bin\freetype.dll
0x00007ffc2cdc0000 - 0x00007ffc2ce69000 	C:\Program Files\Java\jdk-15\bin\fontmanager.dll
0x00007ffc4f2a0000 - 0x00007ffc4f350000 	C:\WINDOWS\WinSxS\amd64_microsoft.windows.common-controls_6595b64144ccf1df_5.82.19041.488_none_4238de57f6b64d28\comctl32.dll
0x00007ffc81a10000 - 0x00007ffc81a5e000 	C:\WINDOWS\System32\CFGMGR32.dll
0x00007ffc83060000 - 0x00007ffc83109000 	C:\WINDOWS\System32\clbcatq.dll
0x00007ffc7aff0000 - 0x00007ffc7b0e7000 	C:\WINDOWS\system32\propsys.dll
0x00007ffc59270000 - 0x00007ffc59287000 	C:\WINDOWS\system32\NetworkExplorer.dll
0x00007ffc59560000 - 0x00007ffc5957d000 	C:\WINDOWS\SYSTEM32\MPR.dll
0x00007ffc4f530000 - 0x00007ffc4f53b000 	C:\WINDOWS\System32\drprov.dll
0x00007ffc80f30000 - 0x00007ffc80f8a000 	C:\WINDOWS\System32\WINSTA.dll
0x00007ffc4f510000 - 0x00007ffc4f528000 	C:\WINDOWS\System32\ntlanman.dll
0x00007ffc4f4f0000 - 0x00007ffc4f50e000 	C:\WINDOWS\System32\davclnt.dll
0x00007ffc4f4e0000 - 0x00007ffc4f4ed000 	C:\WINDOWS\System32\DAVHLPR.dll
0x00007ffc80770000 - 0x00007ffc80787000 	C:\WINDOWS\System32\wkscli.dll
0x00007ffc5b480000 - 0x00007ffc5b492000 	C:\WINDOWS\SYSTEM32\cscapi.dll
0x00007ffc80ab0000 - 0x00007ffc80abc000 	C:\WINDOWS\System32\netutils.dll
0x00007ffc53ee0000 - 0x00007ffc53f34000 	C:\Windows\System32\dlnashext.dll
0x00007ffc58570000 - 0x00007ffc585d4000 	C:\Windows\System32\PlayToDevice.dll
0x00007ffc6b560000 - 0x00007ffc6b580000 	C:\Windows\System32\DevDispItemProvider.dll
0x00007ffc75e70000 - 0x00007ffc75ef5000 	C:\WINDOWS\System32\MMDevApi.dll
0x00007ffc812f0000 - 0x00007ffc8131c000 	C:\WINDOWS\System32\DEVOBJ.dll
0x00007ffc2cd10000 - 0x00007ffc2cdb1000 	C:\WINDOWS\system32\wpdshext.dll
0x00007ffc67850000 - 0x00007ffc679f6000 	C:\WINDOWS\WinSxS\amd64_microsoft.windows.gdiplus_6595b64144ccf1df_1.1.19041.630_none_fae7a41d761b04f0\gdiplus.dll
0x00007ffc6eca0000 - 0x00007ffc6ed41000 	C:\Windows\System32\PortableDeviceApi.dll
0x00007ffc831e0000 - 0x00007ffc83647000 	C:\WINDOWS\System32\SETUPAPI.dll
0x00007ffc81e80000 - 0x00007ffc81ea7000 	C:\WINDOWS\System32\bcrypt.dll
0x00007ffc817a0000 - 0x00007ffc81800000 	C:\WINDOWS\System32\WINTRUST.dll
0x00007ffc818b0000 - 0x00007ffc81a0d000 	C:\WINDOWS\System32\CRYPT32.dll
0x00007ffc81110000 - 0x00007ffc81122000 	C:\WINDOWS\System32\MSASN1.dll
0x00007ffc51130000 - 0x00007ffc51167000 	C:\Windows\System32\EhStorShell.dll
0x00007ffc61670000 - 0x00007ffc61696000 	C:\Windows\System32\EhStorAPI.dll
0x00007ffc7fd70000 - 0x00007ffc7fd84000 	C:\Windows\System32\WTSAPI32.dll
0x00007ffc59610000 - 0x00007ffc5961d000 	C:\WINDOWS\SYSTEM32\LINKINFO.dll
0x00007ffc78600000 - 0x00007ffc787b4000 	C:\WINDOWS\SYSTEM32\WindowsCodecs.dll
0x00007ffc4ead0000 - 0x00007ffc4eb0e000 	C:\WINDOWS\system32\dataexchange.dll
0x00007ffc7a230000 - 0x00007ffc7a494000 	C:\WINDOWS\system32\d3d11.dll
0x00007ffc7a4a0000 - 0x00007ffc7a685000 	C:\WINDOWS\system32\dcomp.dll
0x00007ffc7fee0000 - 0x00007ffc7ffd3000 	C:\WINDOWS\system32\dxgi.dll
0x00007ffc78830000 - 0x00007ffc78a38000 	C:\WINDOWS\system32\twinapi.appcore.dll
0x00007ffc70570000 - 0x00007ffc7066c000 	C:\WINDOWS\SYSTEM32\textinputframework.dll
0x00007ffc7ac90000 - 0x00007ffc7afee000 	C:\WINDOWS\System32\CoreUIComponents.dll
0x00007ffc7b5b0000 - 0x00007ffc7b6a2000 	C:\WINDOWS\System32\CoreMessaging.dll
0x00007ffc80310000 - 0x00007ffc80343000 	C:\WINDOWS\SYSTEM32\ntmarta.dll
0x00007ffc79c30000 - 0x00007ffc79d86000 	C:\WINDOWS\SYSTEM32\wintypes.dll

dbghelp: loaded successfully - version: 4.0.5 - missing functions: none
symbol engine: initialized successfully - sym options: 0x614 - pdb path: .;C:\Program Files\Java\jdk-15\bin;C:\WINDOWS\SYSTEM32;C:\Program Files\AVAST Software\Avast;C:\WINDOWS\WinSxS\amd64_microsoft.windows.common-controls_6595b64144ccf1df_6.0.19041.488_none_ca04af081b815d21;C:\Program Files\Java\jdk-15\bin\server;C:\WINDOWS\WinSxS\amd64_microsoft.windows.common-controls_6595b64144ccf1df_5.82.19041.488_none_4238de57f6b64d28;C:\WINDOWS\WinSxS\amd64_microsoft.windows.gdiplus_6595b64144ccf1df_1.1.19041.630_none_fae7a41d761b04f0

VM Arguments:
jvm_args: -Dfile.encoding=Cp1252 -XX:+ShowCodeDetailsInExceptionMessages 
java_command: picasso.Main
java_class_path (initial): C:\Users\Will Medick\git\picasso-buildingblocks\bin;C:\Users\Will Medick\Downloads\eclipse-java-2020-09-R-win32-x86_64\eclipse\plugins\org.junit.jupiter.api_5.6.0.v20200203-2009.jar;C:\Users\Will Medick\Downloads\eclipse-java-2020-09-R-win32-x86_64\eclipse\plugins\org.junit.jupiter.engine_5.6.0.v20200203-2009.jar;C:\Users\Will Medick\Downloads\eclipse-java-2020-09-R-win32-x86_64\eclipse\plugins\org.junit.jupiter.migrationsupport_5.6.0.v20200203-2009.jar;C:\Users\Will Medick\Downloads\eclipse-java-2020-09-R-win32-x86_64\eclipse\plugins\org.junit.jupiter.params_5.6.0.v20200203-2009.jar;C:\Users\Will Medick\Downloads\eclipse-java-2020-09-R-win32-x86_64\eclipse\plugins\org.junit.platform.commons_1.6.0.v20200203-2009.jar;C:\Users\Will Medick\Downloads\eclipse-java-2020-09-R-win32-x86_64\eclipse\plugins\org.junit.platform.engine_1.6.0.v20200203-2009.jar;C:\Users\Will Medick\Downloads\eclipse-java-2020-09-R-win32-x86_64\eclipse\plugins\org.junit.platform.launcher_1.6.0.v20200203-2009.jar;C:\Users\Will Medick\Downloads\eclipse-java-2020-09-R-win32-x86_64\eclipse\plugins\org.junit.platform.runner_1.6.0.v20200203-2009.jar;C:\Users\Will Medick\Downloads\eclipse-java-2020-09-R-win32-x86_64\eclipse\plugins\org.junit.platform.suite.api_1.6.0.v20200203-2009.jar;C:\Users\Will Medick\Downloads\eclipse-java-2020-09-R-win32-x86_64\eclipse\plugins\org.junit.vintage.engine_5.6.0.v20200203-2009.jar;C:\Users\Will Medick\Downloads\eclipse-java-2020-09-R-win32-x86_64\eclipse\plugins\org.opentest4j_1.2.0.v20190826-0900.jar;C:\Users\Will Medick\Downloads\eclipse-java-2020-09-R-win32-x86_64\eclipse\plugins\org.apiguardian_1.1.0.v20190826-0900.jar;C:\Users\Will Medick\Downloads\eclipse-java-2020-09-R-win32-x86_64\eclipse\plugins\org.junit_4.13.0.v20200204-1500.jar;C:\Users\Will Medick\Downloads\eclipse-java-2020-09-R-win32-x86_64\eclipse\plugins\org.hamcrest.core_1.3.0.v20180420-1519.jar
Launcher Type: SUN_STANDARD

[Global flags]
     intx CICompilerCount                          = 3                                         {product} {ergonomic}
     uint ConcGCThreads                            = 1                                         {product} {ergonomic}
     uint G1ConcRefinementThreads                  = 4                                         {product} {ergonomic}
   size_t G1HeapRegionSize                         = 1048576                                   {product} {ergonomic}
    uintx GCDrainStackTargetSize                   = 64                                        {product} {ergonomic}
   size_t InitialHeapSize                          = 62914560                                  {product} {ergonomic}
   size_t MarkStackSize                            = 4194304                                   {product} {ergonomic}
   size_t MaxHeapSize                              = 1002438656                                {product} {ergonomic}
   size_t MaxNewSize                               = 600834048                                 {product} {ergonomic}
   size_t MinHeapDeltaBytes                        = 1048576                                   {product} {ergonomic}
   size_t MinHeapSize                              = 8388608                                   {product} {ergonomic}
    uintx NonNMethodCodeHeapSize                   = 5832780                                {pd product} {ergonomic}
    uintx NonProfiledCodeHeapSize                  = 122912730                              {pd product} {ergonomic}
    uintx ProfiledCodeHeapSize                     = 122912730                              {pd product} {ergonomic}
    uintx ReservedCodeCacheSize                    = 251658240                              {pd product} {ergonomic}
     bool SegmentedCodeCache                       = true                                      {product} {ergonomic}
     bool ShowCodeDetailsInExceptionMessages       = true                                   {manageable} {command line}
   size_t SoftMaxHeapSize                          = 1002438656                             {manageable} {ergonomic}
     bool UseCompressedClassPointers               = true                                 {lp64_product} {ergonomic}
     bool UseCompressedOops                        = true                                 {lp64_product} {ergonomic}
     bool UseG1GC                                  = true                                      {product} {ergonomic}
     bool UseLargePagesIndividualAllocation        = false                                  {pd product} {ergonomic}

Logging:
Log output configuration:
 #0: stdout all=warning uptime,level,tags
 #1: stderr all=off uptime,level,tags

Environment Variables:
JAVA_HOME=C:\Program Files\BellSoft\LibericaJDK-8\
PATH=C:\Program Files\Common Files\Oracle\Java\javapath;C:\Program Files\BellSoft\LibericaJDK-8\bin\;C:\Program Files (x86)\BellSoft\LibericaJDK-14\bin\;C:\WINDOWS\system32;C:\WINDOWS;C:\WINDOWS\System32\Wbem;C:\WINDOWS\System32\WindowsPowerShell\v1.0\;C:\WINDOWS\System32\OpenSSH\;C:\Program Files (x86)\Wolfram Research\WolframScript\;C:\Program Files (x86)\Intel\Intel(R) Management Engine Components\DAL;C:\Program Files\Intel\Intel(R) Management Engine Components\DAL;C:\Program Files\Microsoft SQL Server\Client SDK\ODBC\170\Tools\Binn\;C:\Program Files (x86)\Microsoft SQL Server\150\Tools\Binn\;C:\Program Files\Microsoft SQL Server\150\Tools\Binn\;C:\Program Files\Microsoft SQL Server\150\DTS\Binn\;C:\Program Files\MATLAB\R2020a\bin;C:\Program Files\Git\cmd;C:\Users\Will Medick\Desktop\Software Development\assignment-0-willmedick;C:\Program Files (x86)\Pico Technology\PicoScope6\;C:\Program Files\Wolfram Research\WolframScript\;C:\Users\Will Medick\AppData\Local\Microsoft\WindowsApps;C:\Users\Will Medick\AppData\Local\Programs\MiKTeX 2.9\miktex\bin\x64\;C:\Users\Will Medick\AppData\Local\Programs\Python\Python37-32\Scripts;C:\Users\Will Medick\AppData\Local\GitHubDesktop\bin;C:\Users\Will Medick\AppData\Local\atom\bin;C:\Users\Will Medick\AppData\Local\Microsoft\WindowsApps;C:\Users\Will Medick\AppData\Local\Pandoc\
USERNAME=Will Medick
OS=Windows_NT
PROCESSOR_IDENTIFIER=Intel64 Family 6 Model 142 Stepping 9, GenuineIntel



---------------  S Y S T E M  ---------------

OS:
 Windows 10 , 64 bit Build 19041 (10.0.19041.546)
OS uptime: 1 days 12:04 hours

CPU: total 4 (initial active 4) (2 cores per cpu, 2 threads per core) family 6 model 142 stepping 9, cmov, cx8, fxsr, mmx, sse, sse2, sse3, ssse3, sse4.1, sse4.2, popcnt, vzeroupper, avx, avx2, aes, clmul, erms, 3dnowpref, lzcnt, ht, tsc, tscinvbit, bmi1, bmi2, adx, fma, clflush, clflushopt

Memory: 4k page, system-wide physical 3823M (219M free)
TotalPageFile size 15599M (AvailPageFile size 20M)
current process WorkingSet (physical memory assigned to process): 138M, peak: 138M
current process commit charge ("private bytes"): 177M, peak: 196M

vm_info: Java HotSpot(TM) 64-Bit Server VM (15+36-1562) for windows-amd64 JRE (15+36-1562), built on Aug 11 2020 22:38:02 by "mach5one" with unknown MS VC++:1925

END.
